Loaded plugins: builddep, changelog, config-manager, copr, debug, debuginfo-install, download, generate_completion_cache, groups-manager, kpatch, needs-restarting, playground, product-id, repoclosure, repodiff, repograph, repomanage, reposync, uploadprofile
DNF version: 4.4.2
cachedir: /var/cache/dnf
User-Agent: constructed: 'libdnf (Rocky Linux 8.4; generic; Linux.x86_64)'
repo: downloading from remote: appstream
Rocky Linux 8 - AppStream                       4.9 MB/s | 8.7 MB     00:01    
appstream: using metadata from Tue 24 Aug 2021 12:04:19 PM PDT.
repo: downloading from remote: baseos
Rocky Linux 8 - BaseOS                          6.0 MB/s | 5.6 MB     00:00    
baseos: using metadata from Tue 24 Aug 2021 12:04:20 PM PDT.
repo: downloading from remote: extras
Rocky Linux 8 - Extras                           11 kB/s | 4.3 kB     00:00    
extras: using metadata from Tue 24 Aug 2021 12:04:19 PM PDT.
Completion plugin: Generating completion cache...
Available Environment Groups:
   Server with GUI (graphical-server-environment)
   Server (server-product-environment)
   Minimal Install (minimal-environment)
   Virtualization Host (virtualization-host-environment)
   Custom Operating System (custom-environment)
Installed Environment Groups:
   Workstation (workstation-product-environment)
Available Groups:
   Container Management (container-management)
   .NET Core Development (dotnet-core)
   RPM Development Tools (rpm-development-tools)
   Development Tools (development)
   Graphical Administration Tools (graphical-admin-tools)
   Headless Management (headless-management)
   Legacy UNIX Compatibility (legacy-unix)
   Network Servers (network-server)
   Scientific Support (scientific)
   Security Tools (security-tools)
   Smart Card Support (smart-card)
   System Tools (system-tools)
