Last metadata expiration check: 0:00:03 ago on Sun 29 Aug 2021 11:31:59 PM PDT.
Rocky Linux 8 - AppStream
Name                 Stream          Profiles                                 Summary                                                                                                                                                                                                                          
389-ds               1.4                                                      389 Directory Server (base)                                                                                                                                                                                                      
ant                  1.10 [d]        common [d]                               Java build tool                                                                                                                                                                                                                  
container-tools      rhel8 [d]       common [d]                               Most recent (rolling) versions of podman, buildah, skopeo, runc, conmon, runc, conmon, CRIU, Udica, etc as well as dependencies such as container-selinux built and tested together, and updated as frequently as every 12 weeks.
container-tools      1.0             common [d]                               Stable versions of podman 1.0, buildah 1.5, skopeo 0.1, runc, conmon, CRIU, Udica, etc as well as dependencies such as container-selinux built and tested together, and supported for 24 months.                                 
container-tools      2.0             common [d]                               Stable versions of podman 1.6, buildah 1.11, skopeo 0.1, runc, conmon, etc as well as dependencies such as container-selinux built and tested together, and supported as documented on the Application Stream lifecycle page.    
container-tools      3.0             common                                   Stable versions of podman 3.0, buildah 1.19, skopeo 1.2, runc, conmon, etc as well as dependencies such as container-selinux built and tested together, and supported as documented on the Application Stream lifecycle page.    
freeradius           3.0 [d]         server [d]                               High-performance and highly configurable free RADIUS server                                                                                                                                                                      
gimp                 2.8 [d]         common [d], devel                        gimp module                                                                                                                                                                                                                      
go-toolset           rhel8 [d]       common [d]                               Go                                                                                                                                                                                                                               
httpd                2.4 [d]         common [d], devel, minimal               Apache HTTP Server                                                                                                                                                                                                               
idm                  DL1             adtrust, client, common [d], dns, server The Red Hat Enterprise Linux Identity Management system module                                                                                                                                                                   
idm                  client [d]      common [d]                               RHEL IdM long term support client module                                                                                                                                                                                         
inkscape             0.92.3 [d]      common [d]                               Vector-based drawing program using SVG                                                                                                                                                                                           
javapackages-runtime 201801 [d]      common [d]                               Basic runtime utilities to support Java applications                                                                                                                                                                             
jmc                  rhel8 [d]       common [d], core                         Java Mission Control is a profiling and diagnostics tool for the Hotspot JVM                                                                                                                                                     
libselinux-python    2.8             common                                   Python 2 bindings for libselinux                                                                                                                                                                                                 
llvm-toolset         rhel8 [d][e]    common [d]                               LLVM                                                                                                                                                                                                                             
mailman              2.1 [d]         common [d]                               Electronic mail discussion and e-newsletter lists managing software                                                                                                                                                              
mariadb              10.3 [d]        client, galera, server [d]               MariaDB Module                                                                                                                                                                                                                   
mariadb              10.5            client, galera, server [d]               MariaDB Module                                                                                                                                                                                                                   
maven                3.5 [d]         common [d]                               Java project management and project comprehension tool                                                                                                                                                                           
maven                3.6             common [d]                               Java project management and project comprehension tool                                                                                                                                                                           
mercurial            4.8 [d]         common [d]                               Mercurial -- a distributed SCM                                                                                                                                                                                                   
mod_auth_openidc     2.3                                                      Apache module suporting OpenID Connect authentication                                                                                                                                                                            
mysql                8.0 [d]         client, server [d]                       MySQL Module                                                                                                                                                                                                                     
nginx                1.14 [d]        common [d]                               nginx webserver                                                                                                                                                                                                                  
nginx                1.16            common [d]                               nginx webserver                                                                                                                                                                                                                  
nginx                1.18            common [d]                               nginx webserver                                                                                                                                                                                                                  
nodejs               10 [d]          common [d], development, minimal, s2i    Javascript runtime                                                                                                                                                                                                               
nodejs               12              common [d], development, minimal, s2i    Javascript runtime                                                                                                                                                                                                               
nodejs               14              common [d], development, minimal, s2i    Javascript runtime                                                                                                                                                                                                               
parfait              0.5             common                                   Parfait Module                                                                                                                                                                                                                   
perl                 5.24            common [d], minimal                      Practical Extraction and Report Language                                                                                                                                                                                         
perl                 5.26 [d]        common [d], minimal                      Practical Extraction and Report Language                                                                                                                                                                                         
perl                 5.30            common [d], minimal                      Practical Extraction and Report Language                                                                                                                                                                                         
perl-App-cpanminus   1.7044 [d]      common [d]                               Get, unpack, build and install CPAN modules                                                                                                                                                                                      
perl-DBD-MySQL       4.046 [d]       common [d]                               A MySQL interface for Perl                                                                                                                                                                                                       
perl-DBD-Pg          3.7 [d]         common [d]                               A PostgreSQL interface for Perl                                                                                                                                                                                                  
perl-DBD-SQLite      1.58 [d]        common [d]                               SQLite DBI driver                                                                                                                                                                                                                
perl-DBI             1.641 [d]       common [d]                               A database access API for Perl                                                                                                                                                                                                   
perl-FCGI            0.78 [d]        common [d]                               FastCGI Perl bindings                                                                                                                                                                                                            
perl-IO-Socket-SSL   2.066 [d]       common [d]                               Perl library for transparent TLS                                                                                                                                                                                                 
perl-YAML            1.24 [d]        common [d]                               Perl parser for YAML                                                                                                                                                                                                             
perl-libwww-perl     6.34 [d]        common [d]                               A Perl interface to the World-Wide Web                                                                                                                                                                                           
php                  7.2 [d]         common [d], devel, minimal               PHP scripting language                                                                                                                                                                                                           
php                  7.3             common [d], devel, minimal               PHP scripting language                                                                                                                                                                                                           
php                  7.4             common [d], devel, minimal               PHP scripting language                                                                                                                                                                                                           
pki-core             10.6                                                     PKI Core module for PKI 10.6 or later                                                                                                                                                                                            
pki-deps             10.6                                                     PKI Dependencies module for PKI 10.6 or later                                                                                                                                                                                    
pmdk                 1_fileformat_v6                                          Persistent Memory Development Kit (former NVML)                                                                                                                                                                                  
postgresql           9.6             client, server [d]                       PostgreSQL server and client module                                                                                                                                                                                              
postgresql           10 [d]          client, server [d]                       PostgreSQL server and client module                                                                                                                                                                                              
postgresql           12              client, server [d]                       PostgreSQL server and client module                                                                                                                                                                                              
postgresql           13              client, server [d]                       PostgreSQL server and client module                                                                                                                                                                                              
python27             2.7 [d]         common [d]                               Python programming language, version 2.7                                                                                                                                                                                         
python36             3.6 [d]         build, common [d]                        Python programming language, version 3.6                                                                                                                                                                                         
python38             3.8 [d]         build, common [d]                        Python programming language, version 3.8                                                                                                                                                                                         
python39             3.9 [d]         build, common [d]                        Python programming language, version 3.9                                                                                                                                                                                         
redis                5 [d]           common [d]                               Redis persistent key-value database                                                                                                                                                                                              
redis                6               common [d]                               Redis persistent key-value database                                                                                                                                                                                              
rhn-tools            1.0 [d]         common [d]                               Red Hat Satellite 5 tools for RHEL                                                                                                                                                                                               
ruby                 2.5 [d]         common [d]                               An interpreter of object-oriented scripting language                                                                                                                                                                             
ruby                 2.6             common [d]                               An interpreter of object-oriented scripting language                                                                                                                                                                             
ruby                 2.7             common [d]                               An interpreter of object-oriented scripting language                                                                                                                                                                             
rust-toolset         rhel8 [d]       common [d]                               Rust                                                                                                                                                                                                                             
satellite-5-client   1.0 [d]         common [d], gui                          Red Hat Satellite 5 client packages                                                                                                                                                                                              
scala                2.10 [d]        common [d]                               A hybrid functional/object-oriented language for the JVM                                                                                                                                                                         
squid                4 [d]           common [d]                               Squid - Optimising Web Delivery                                                                                                                                                                                                  
subversion           1.10 [d]        common [d], server                       Apache Subversion                                                                                                                                                                                                                
subversion           1.14            common [d], server                       Apache Subversion                                                                                                                                                                                                                
swig                 3.0 [d]         common [d], complete                     Connects C/C++/Objective C to some high-level programming languages                                                                                                                                                              
swig                 4.0             common [d], complete                     Connects C/C++/Objective C to some high-level programming languages                                                                                                                                                              
varnish              6 [d]           common [d]                               Varnish HTTP cache                                                                                                                                                                                                               
virt                 rhel [d][e]     common [d]                               Virtualization module                                                                                                                                                                                                            

Hint: [d]efault, [e]nabled, [x]disabled, [i]nstalled
