abattis-cantarell-fonts-0.0.25-6.el8.noarch
acl-2.2.53-1.el8.1.aarch64
adcli-0.8.2-9.el8.aarch64
at-3.1.20-11.el8.aarch64
attr-2.4.48-3.el8.aarch64
audit-3.0-0.17.20191104git1c2f876.el8.1.aarch64
audit-libs-3.0-0.17.20191104git1c2f876.el8.1.aarch64
authselect-1.2.2-2.el8.aarch64
authselect-libs-1.2.2-2.el8.aarch64
avahi-libs-0.7-20.el8.aarch64
basesystem-11-5.el8.noarch
bash-4.4.20-1.el8_4.aarch64
bash-completion-2.7-5.el8.noarch
bc-1.07.1-5.el8.aarch64
bind-export-libs-9.11.26-4.el8_4.aarch64
bind-libs-9.11.26-4.el8_4.aarch64
bind-libs-lite-9.11.26-4.el8_4.aarch64
bind-license-9.11.26-4.el8_4.noarch
bind-utils-9.11.26-4.el8_4.aarch64
binutils-2.30-93.el8.aarch64
blktrace-1.2.0-10.el8.aarch64
bolt-0.9.1-1.el8.aarch64
bpftool-4.18.0-305.25.1.el8_4.aarch64
brotli-1.0.6-3.el8.aarch64
bubblewrap-0.4.0-1.el8.aarch64
buildah-1.21.4-2.module+el8.4.0+653+ad26b47d.aarch64
bzip2-1.0.6-26.el8.aarch64
bzip2-libs-1.0.6-26.el8.aarch64
ca-certificates-2021.2.50-80.0.el8_4.noarch
cairo-1.15.12-3.el8.aarch64
cairo-gobject-1.15.12-3.el8.aarch64
c-ares-1.13.0-5.el8.aarch64
checkpolicy-2.9-1.el8.aarch64
chkconfig-1.13-2.el8.aarch64
chrony-3.5-2.el8.aarch64
clevis-15-1.el8.aarch64
clevis-luks-15-1.el8.aarch64
cockpit-238.2-1.el8.aarch64
cockpit-bridge-238.2-1.el8.aarch64
cockpit-packagekit-238.2-1.el8.noarch
cockpit-podman-32-2.module+el8.4.0+643+525e162a.noarch
cockpit-storaged-238.2-1.el8.noarch
cockpit-system-238.2-1.el8.noarch
cockpit-ws-238.2-1.el8.aarch64
conmon-2.0.29-1.module+el8.4.0+643+525e162a.aarch64
containernetworking-plugins-0.9.1-1.module+el8.4.0+556+40122d08.aarch64
containers-common-1.3.1-5.module+el8.4.0+643+525e162a.aarch64
container-selinux-2.167.0-1.module+el8.4.0+653+ad26b47d.noarch
coreutils-8.30-8.el8.aarch64
coreutils-common-8.30-8.el8.aarch64
cpio-2.12-10.el8.aarch64
cracklib-2.9.6-15.el8.aarch64
cracklib-dicts-2.9.6-15.el8.aarch64
criu-3.15-1.module+el8.4.0+556+40122d08.aarch64
cronie-1.5.2-4.el8.aarch64
cronie-anacron-1.5.2-4.el8.aarch64
crontabs-1.11-17.20190603git.el8.noarch
crypto-policies-20210209-1.gitbfb6bed.el8_3.noarch
crypto-policies-scripts-20210209-1.gitbfb6bed.el8_3.noarch
cryptsetup-2.3.3-4.el8.aarch64
cryptsetup-libs-2.3.3-4.el8.aarch64
cups-libs-2.2.6-38.el8.aarch64
curl-7.61.1-18.el8_4.2.aarch64
cyrus-sasl-gssapi-2.1.27-5.el8.aarch64
cyrus-sasl-lib-2.1.27-5.el8.aarch64
cyrus-sasl-plain-2.1.27-5.el8.aarch64
dbus-1.12.8-12.el8_4.2.aarch64
dbus-common-1.12.8-12.el8_4.2.noarch
dbus-daemon-1.12.8-12.el8_4.2.aarch64
dbus-glib-0.110-2.el8.aarch64
dbus-libs-1.12.8-12.el8_4.2.aarch64
dbus-tools-1.12.8-12.el8_4.2.aarch64
dejavu-fonts-common-2.35-7.el8.noarch
dejavu-sans-mono-fonts-2.35-7.el8.noarch
desktop-file-utils-0.23-8.el8.aarch64
device-mapper-1.02.175-5.el8.aarch64
device-mapper-event-1.02.175-5.el8.aarch64
device-mapper-event-libs-1.02.175-5.el8.aarch64
device-mapper-libs-1.02.175-5.el8.aarch64
device-mapper-multipath-0.8.4-10.el8.aarch64
device-mapper-multipath-libs-0.8.4-10.el8.aarch64
device-mapper-persistent-data-0.8.5-4.el8.aarch64
dhcp-client-4.3.6-44.el8_4.1.aarch64
dhcp-common-4.3.6-44.el8_4.1.noarch
dhcp-libs-4.3.6-44.el8_4.1.aarch64
diffutils-3.6-6.el8.aarch64
dmidecode-3.2-8.el8.aarch64
dnf-4.4.2-11.el8.noarch
dnf-data-4.4.2-11.el8.noarch
dnf-plugins-core-4.0.18-4.el8.noarch
dos2unix-7.4.0-3.el8.aarch64
dosfstools-4.1-6.el8.aarch64
dracut-049-135.git20210121.el8.aarch64
dracut-config-rescue-049-135.git20210121.el8.aarch64
dracut-network-049-135.git20210121.el8.aarch64
dracut-squash-049-135.git20210121.el8.aarch64
e2fsprogs-1.45.6-1.el8.1.aarch64
e2fsprogs-libs-1.45.6-1.el8.1.aarch64
ed-1.14.2-4.el8.aarch64
efibootmgr-16-1.el8.aarch64
efi-filesystem-3-3.el8.noarch
efivar-libs-37-4.el8.aarch64
elfutils-debuginfod-client-0.182-3.el8_4.aarch64
elfutils-default-yama-scope-0.182-3.el8_4.noarch
elfutils-libelf-0.182-3.el8_4.aarch64
elfutils-libs-0.182-3.el8_4.aarch64
emacs-filesystem-26.1-5.el8.noarch
ethtool-5.8-5.el8.aarch64
expat-2.2.5-4.el8.aarch64
file-5.33-16.el8_3.1.aarch64
file-libs-5.33-16.el8_3.1.aarch64
filesystem-3.8-3.el8.aarch64
findutils-4.6.0-20.el8.aarch64
firewalld-0.8.2-7.el8_4.noarch
firewalld-filesystem-0.8.2-7.el8_4.noarch
fontconfig-2.13.1-3.el8.aarch64
fontpackages-filesystem-1.44-22.el8.noarch
freetype-2.9.1-4.el8_3.1.aarch64
fstrm-0.6.0-3.el8.1.aarch64
fuse3-3.2.1-12.el8.aarch64
fuse3-libs-3.2.1-12.el8.aarch64
fuse-common-3.2.1-12.el8.aarch64
fuse-libs-2.9.7-12.el8.aarch64
fuse-overlayfs-1.6-1.module+el8.4.0+643+525e162a.aarch64
fwupd-1.5.9-1.el8_4.0.1.aarch64
gawk-4.2.1-2.el8.aarch64
gdbm-1.18-1.el8.aarch64
gdbm-libs-1.18-1.el8.aarch64
gdisk-1.0.3-6.el8.aarch64
gdk-pixbuf2-2.36.12-5.el8.aarch64
geolite2-city-20180605-1.el8.noarch
geolite2-country-20180605-1.el8.noarch
gettext-0.19.8.1-17.el8.aarch64
gettext-libs-0.19.8.1-17.el8.aarch64
glib2-2.56.4-10.el8_4.1.aarch64
glibc-2.28-151.el8.aarch64
glibc-common-2.28-151.el8.aarch64
glibc-langpack-en-2.28-151.el8.aarch64
glib-networking-2.56.1-1.1.el8.aarch64
gmp-6.1.2-10.el8.aarch64
gnupg2-2.2.20-2.el8.aarch64
gnupg2-smime-2.2.20-2.el8.aarch64
gnutls-3.6.14-8.el8_3.aarch64
gobject-introspection-1.56.1-1.el8.aarch64
gpgme-1.13.1-7.el8.aarch64
gpm-libs-1.20.7-17.el8.aarch64
grep-3.1-6.el8.aarch64
groff-base-1.22.3-18.el8.aarch64
grub2-common-2.02-99.el8_4.1.2.1.1.noarch
grub2-efi-aa64-2.02-99.el8_4.1.2.1.1.aarch64
grub2-tools-2.02-99.el8_4.1.2.1.1.aarch64
grub2-tools-extra-2.02-99.el8_4.1.2.1.1.aarch64
grub2-tools-minimal-2.02-99.el8_4.1.2.1.1.aarch64
grubby-8.40-41.el8.aarch64
gsettings-desktop-schemas-3.32.0-5.el8.aarch64
gzip-1.9-12.el8.aarch64
hardlink-1.3-6.el8.aarch64
hdparm-9.54-3.el8.aarch64
hostname-3.20-6.el8.aarch64
hwdata-0.314-8.8.el8.noarch
ima-evm-utils-1.3.2-12.el8.aarch64
info-6.5-6.el8.aarch64
initscripts-10.00.15-1.el8.aarch64
ipcalc-0.2.4-4.el8.aarch64
iproute-5.9.0-4.el8.aarch64
iprutils-2.4.19-1.el8.aarch64
ipset-7.1-1.el8.aarch64
ipset-libs-7.1-1.el8.aarch64
iptables-1.8.4-17.el8_4.1.aarch64
iptables-ebtables-1.8.4-17.el8_4.1.aarch64
iptables-libs-1.8.4-17.el8_4.1.aarch64
iptstate-2.2.6-6.el8.aarch64
iputils-20180629-7.el8.aarch64
irqbalance-1.4.0-6.el8.aarch64
iscsi-initiator-utils-6.2.1.2-1.gita8fcb37.el8.aarch64
iscsi-initiator-utils-iscsiuio-6.2.1.2-1.gita8fcb37.el8.aarch64
isns-utils-libs-0.99-1.el8.aarch64
iwl1000-firmware-39.31.5.1-102.el8.1.noarch
iwl100-firmware-39.31.5.1-102.el8.1.noarch
iwl105-firmware-18.168.6.1-102.el8.1.noarch
iwl135-firmware-18.168.6.1-102.el8.1.noarch
iwl2000-firmware-18.168.6.1-102.el8.1.noarch
iwl2030-firmware-18.168.6.1-102.el8.1.noarch
iwl3160-firmware-25.30.13.0-102.el8.1.noarch
iwl5000-firmware-8.83.5.1_1-102.el8.1.noarch
iwl5150-firmware-8.24.2.2-102.el8.1.noarch
iwl6000-firmware-9.221.4.1-102.el8.1.noarch
iwl6000g2a-firmware-18.168.6.1-102.el8.1.noarch
iwl6000g2b-firmware-18.168.6.1-102.el8.1.noarch
iwl6050-firmware-41.28.5.1-102.el8.1.noarch
iwl7260-firmware-25.30.13.0-102.el8.1.noarch
jansson-2.11-3.el8.aarch64
jimtcl-0.77-6.el8.1.aarch64
jose-10-2.el8.aarch64
jq-1.5-12.el8.aarch64
json-c-0.13.1-0.4.el8.aarch64
json-glib-1.4.4-1.el8.aarch64
kbd-2.0.4-10.el8.aarch64
kbd-legacy-2.0.4-10.el8.noarch
kbd-misc-2.0.4-10.el8.noarch
kernel-4.18.0-305.25.1.el8_4.aarch64
kernel-core-4.18.0-305.25.1.el8_4.aarch64
kernel-modules-4.18.0-305.25.1.el8_4.aarch64
kernel-tools-4.18.0-305.25.1.el8_4.aarch64
kernel-tools-libs-4.18.0-305.25.1.el8_4.aarch64
kexec-tools-2.0.20-46.el8_4.2.aarch64
keyutils-libs-1.5.10-6.el8.aarch64
kmod-25-17.el8.aarch64
kmod-kvdo-6.2.4.26-77.el8.aarch64
kmod-libs-25-17.el8.aarch64
kpartx-0.8.4-10.el8.aarch64
kpatch-0.9.2-3.el8.noarch
kpatch-dnf-0.2-3.el8.noarch
krb5-libs-1.18.2-8.3.el8_4.aarch64
langpacks-en-1.0-12.el8.noarch
ledmon-0.95-1.el8.aarch64
less-530-1.el8.aarch64
libacl-2.2.53-1.el8.1.aarch64
libaio-0.3.112-1.el8.aarch64
libappstream-glib-0.7.14-3.el8.aarch64
libarchive-3.3.3-1.el8.aarch64
libassuan-2.5.1-3.el8.aarch64
libatasmart-0.19-14.el8.aarch64
libattr-2.4.48-3.el8.aarch64
libbasicobjects-0.1.1-39.el8.aarch64
libblkid-2.32.1-27.el8.aarch64
libblockdev-2.24-5.el8.aarch64
libblockdev-crypto-2.24-5.el8.aarch64
libblockdev-fs-2.24-5.el8.aarch64
libblockdev-loop-2.24-5.el8.aarch64
libblockdev-lvm-2.24-5.el8.aarch64
libblockdev-mdraid-2.24-5.el8.aarch64
libblockdev-part-2.24-5.el8.aarch64
libblockdev-swap-2.24-5.el8.aarch64
libblockdev-utils-2.24-5.el8.aarch64
libbytesize-1.4-3.el8.aarch64
libcap-2.26-4.el8.aarch64
libcap-ng-0.7.9-5.el8.aarch64
libcollection-0.7.0-39.el8.aarch64
libcom_err-1.45.6-1.el8.1.aarch64
libcomps-0.1.11-5.el8.aarch64
libconfig-1.5-9.el8.aarch64
libcroco-0.6.12-4.el8_2.1.aarch64
libcurl-7.61.1-18.el8_4.2.aarch64
libdaemon-0.14-15.el8.aarch64
libdb-5.3.28-42.el8_4.aarch64
libdb-utils-5.3.28-42.el8_4.aarch64
libdhash-0.5.0-39.el8.aarch64
libdnf-0.55.0-7.el8.aarch64
libedit-3.1-23.20170329cvs.el8.aarch64
libertas-usb8388-firmware-20201218-102.git05789708.el8.noarch
libestr-0.1.10-1.el8.aarch64
libevent-2.1.8-5.el8.aarch64
libfastjson-0.99.8-2.el8.aarch64
libfdisk-2.32.1-27.el8.aarch64
libffi-3.1-22.el8.aarch64
libgcab1-1.1-1.el8.aarch64
libgcc-8.4.1-1.el8.aarch64
libgcrypt-1.8.5-4.el8.aarch64
libgomp-8.4.1-1.el8.aarch64
libgpg-error-1.31-1.el8.aarch64
libgudev-232-4.el8.aarch64
libgusb-0.3.0-1.el8.aarch64
libibverbs-32.0-4.el8.aarch64
libicu-60.3-2.el8_1.aarch64
libidn2-2.2.0-1.el8.aarch64
libini_config-1.3.1-39.el8.aarch64
libipa_hbac-2.4.0-9.el8_4.2.aarch64
libjose-10-2.el8.aarch64
libkcapi-1.2.0-2.el8.aarch64
libkcapi-hmaccalc-1.2.0-2.el8.aarch64
libksba-1.3.5-7.el8.aarch64
libldb-2.2.0-2.el8.aarch64
libluksmeta-9-4.el8.aarch64
libmaxminddb-1.2.0-10.el8.aarch64
libmbim-1.20.2-1.el8.aarch64
libmetalink-0.1.3-7.el8.aarch64
libmnl-1.0.4-6.el8.aarch64
libmodman-2.0.1-17.el8.aarch64
libmodulemd-2.9.4-2.el8.aarch64
libmount-2.32.1-27.el8.aarch64
libndp-1.7-5.el8.aarch64
libnet-1.1.6-15.el8.aarch64
libnetfilter_conntrack-1.0.6-5.el8.aarch64
libnfnetlink-1.0.1-13.el8.aarch64
libnfsidmap-2.3.3-41.el8_4.3.aarch64
libnftnl-1.1.5-4.el8.aarch64
libnghttp2-1.33.0-3.el8_3.1.aarch64
libnl3-3.5.0-1.el8.aarch64
libnl3-cli-3.5.0-1.el8.aarch64
libnsl2-1.2.0-2.20180605git4a062cf.el8.aarch64
libpath_utils-0.2.1-39.el8.aarch64
libpcap-1.9.1-5.el8.aarch64
libpipeline-1.5.0-2.el8.aarch64
libpkgconf-1.4.2-1.el8.aarch64
libpng-1.6.34-5.el8.aarch64
libproxy-0.4.15-5.2.el8.aarch64
libpsl-0.20.2-6.el8.aarch64
libpwquality-1.4.4-3.el8.aarch64
libqmi-1.24.0-1.el8.aarch64
libref_array-0.1.5-39.el8.aarch64
librelp-1.2.16-1.el8.aarch64
librepo-1.12.0-3.el8.aarch64
libreport-filesystem-2.9.5-15.el8.rocky.2.aarch64
libseccomp-2.5.1-1.el8.aarch64
libsecret-0.18.6-1.el8.aarch64
libselinux-2.9-5.el8.aarch64
libselinux-utils-2.9-5.el8.aarch64
libsemanage-2.9-6.el8.aarch64
libsepol-2.9-2.el8.aarch64
libsigsegv-2.11-5.el8.aarch64
libslirp-4.3.1-1.module+el8.4.0+556+40122d08.aarch64
libsmartcols-2.32.1-27.el8.aarch64
libsmbclient-4.13.3-5.el8_4.aarch64
libsolv-0.7.16-3.el8_4.aarch64
libsoup-2.62.3-2.el8.aarch64
libss-1.45.6-1.el8.1.aarch64
libssh-0.9.4-2.el8.aarch64
libssh-config-0.9.4-2.el8.noarch
libsss_autofs-2.4.0-9.el8_4.2.aarch64
libsss_certmap-2.4.0-9.el8_4.2.aarch64
libsss_idmap-2.4.0-9.el8_4.2.aarch64
libsss_nss_idmap-2.4.0-9.el8_4.2.aarch64
libsss_sudo-2.4.0-9.el8_4.2.aarch64
libstdc++-8.4.1-1.el8.aarch64
libstemmer-0-10.585svn.el8.aarch64
libstoragemgmt-1.8.7-1.el8.aarch64
libsysfs-2.1.0-24.el8.aarch64
libtalloc-2.3.1-2.el8.aarch64
libtasn1-4.13-3.el8.aarch64
libtdb-1.4.3-1.el8.aarch64
libteam-1.31-2.el8.aarch64
libtevent-0.10.2-2.el8.aarch64
libtirpc-1.1.4-4.el8.aarch64
libudisks2-2.9.0-6.el8.aarch64
libunistring-0.9.9-3.el8.aarch64
libusbx-1.0.23-4.el8.aarch64
libuser-0.62-23.el8.aarch64
libutempter-1.1.6-14.el8.aarch64
libuuid-2.32.1-27.el8.aarch64
libverto-0.3.0-5.el8.aarch64
libwbclient-4.13.3-5.el8_4.aarch64
libX11-1.6.8-4.el8.aarch64
libX11-common-1.6.8-4.el8.noarch
libXau-1.0.9-3.el8.aarch64
libxcb-1.13.1-1.el8.aarch64
libxcrypt-4.1.1-4.el8.aarch64
libXext-1.3.4-1.el8.aarch64
libxkbcommon-0.9.1-1.el8.aarch64
libxml2-2.9.7-9.el8_4.2.aarch64
libxmlb-0.1.15-1.el8.aarch64
libXrender-0.9.10-7.el8.aarch64
libxslt-1.1.32-6.el8.aarch64
libyaml-0.1.7-5.el8.aarch64
libzstd-1.4.4-1.el8.aarch64
linux-firmware-20201218-102.git05789708.el8.noarch
logrotate-3.14.0-4.el8.aarch64
lshw-B.02.19.2-5.el8.aarch64
lsof-4.93.2-1.el8.aarch64
lsscsi-0.32-2.el8.aarch64
lua-libs-5.3.4-11.el8.aarch64
luksmeta-9-4.el8.aarch64
lvm2-2.03.11-5.el8.aarch64
lvm2-libs-2.03.11-5.el8.aarch64
lz4-libs-1.8.3-3.el8_4.aarch64
lzo-2.08-14.el8.aarch64
mailcap-2.1.48-3.el8.noarch
man-db-2.7.6.1-17.el8.aarch64
man-pages-4.15-6.el8.aarch64
man-pages-overrides-8.3.0.2-2.el8.noarch
mdadm-4.1-16.el8_4.aarch64
memstrack-0.1.11-1.el8.aarch64
mlocate-0.26-20.el8.aarch64
ModemManager-glib-1.10.8-2.el8.aarch64
mokutil-0.3.0-11.el8.aarch64
mozjs60-60.9.0-4.el8.aarch64
mpfr-3.1.6-1.el8.aarch64
mtr-0.92-3.el8.aarch64
nano-2.9.8-1.el8.aarch64
ncurses-6.1-7.20180224.el8.1.aarch64
ncurses-base-6.1-7.20180224.el8.1.noarch
ncurses-libs-6.1-7.20180224.el8.1.aarch64
nettle-3.4.1-4.el8_4.aarch64
net-tools-2.0-0.52.20160912git.el8.aarch64
NetworkManager-1.30.0-13.el8_4.aarch64
NetworkManager-config-server-1.30.0-13.el8_4.noarch
NetworkManager-libnm-1.30.0-13.el8_4.aarch64
NetworkManager-team-1.30.0-13.el8_4.aarch64
NetworkManager-tui-1.30.0-13.el8_4.aarch64
newt-0.52.20-11.el8.aarch64
nftables-0.9.3-18.el8.aarch64
nmap-ncat-7.70-5.el8.aarch64
npth-1.5-4.el8.aarch64
nspr-4.32.0-1.el8_4.aarch64
nss-3.67.0-6.el8_4.aarch64
nss-softokn-3.67.0-6.el8_4.aarch64
nss-softokn-freebl-3.67.0-6.el8_4.aarch64
nss-sysinit-3.67.0-6.el8_4.aarch64
nss-util-3.67.0-6.el8_4.aarch64
numactl-libs-2.0.12-11.el8.aarch64
nvme-cli-1.12-4.el8_4.aarch64
oniguruma-6.8.2-2.el8.aarch64
openldap-2.4.46-17.el8_4.aarch64
openssh-8.0p1-6.el8_4.2.aarch64
openssh-clients-8.0p1-6.el8_4.2.aarch64
openssh-server-8.0p1-6.el8_4.2.aarch64
openssl-1.1.1g-15.el8_3.aarch64
openssl-libs-1.1.1g-15.el8_3.aarch64
openssl-pkcs11-0.4.10-2.el8.aarch64
os-prober-1.74-6.el8.aarch64
p11-kit-0.23.22-1.el8.aarch64
p11-kit-trust-0.23.22-1.el8.aarch64
PackageKit-1.1.12-6.el8.aarch64
PackageKit-glib-1.1.12-6.el8.aarch64
pam-1.3.1-14.el8.aarch64
parted-3.2-38.el8.aarch64
passwd-0.80-3.el8.aarch64
pciutils-3.7.0-1.el8.aarch64
pciutils-libs-3.7.0-1.el8.aarch64
pcre2-10.32-2.el8.aarch64
pcre-8.42-4.el8.aarch64
pigz-2.4-4.el8.aarch64
pinentry-1.1.0-2.el8.aarch64
pinfo-0.6.10-18.el8.aarch64
pixman-0.38.4-1.el8.aarch64
pkgconf-1.4.2-1.el8.aarch64
pkgconf-m4-1.4.2-1.el8.noarch
pkgconf-pkg-config-1.4.2-1.el8.aarch64
platform-python-3.6.8-39.el8_4.rocky.0.aarch64
platform-python-pip-9.0.3-19.el8.rocky.noarch
platform-python-setuptools-39.2.0-6.el8.noarch
plymouth-0.9.4-9.20200615git1e36e30.el8.aarch64
plymouth-core-libs-0.9.4-9.20200615git1e36e30.el8.aarch64
plymouth-scripts-0.9.4-9.20200615git1e36e30.el8.aarch64
podman-3.2.3-0.11.module+el8.4.0+653+ad26b47d.aarch64
podman-catatonit-3.2.3-0.11.module+el8.4.0+653+ad26b47d.aarch64
policycoreutils-2.9-14.el8.aarch64
policycoreutils-python-utils-2.9-14.el8.noarch
polkit-0.115-11.el8_4.1.aarch64
polkit-libs-0.115-11.el8_4.1.aarch64
polkit-pkla-compat-0.1-12.el8.aarch64
popt-1.18-1.el8.aarch64
prefixdevname-0.1.0-6.el8.aarch64
procps-ng-3.3.15-6.el8.aarch64
protobuf-c-1.3.0-6.el8.aarch64
psacct-6.6.3-4.el8.aarch64
publicsuffix-list-dafsa-20180723-1.el8.noarch
python3-audit-3.0-0.17.20191104git1c2f876.el8.1.aarch64
python3-bind-9.11.26-4.el8_4.noarch
python3-cairo-1.16.3-6.el8.aarch64
python3-configobj-5.0.6-11.el8.noarch
python3-dateutil-2.6.1-6.el8.noarch
python3-dbus-1.2.4-15.el8.aarch64
python3-decorator-4.2.1-2.el8.noarch
python3-dnf-4.4.2-11.el8.noarch
python3-dnf-plugins-core-4.0.18-4.el8.noarch
python3-firewall-0.8.2-7.el8_4.noarch
python3-gobject-3.28.3-2.el8.aarch64
python3-gobject-base-3.28.3-2.el8.aarch64
python3-gpg-1.13.1-7.el8.aarch64
python3-hawkey-0.55.0-7.el8.aarch64
python3-html5lib-0.999999999-6.el8.noarch
python3-libcomps-0.1.11-5.el8.aarch64
python3-libdnf-0.55.0-7.el8.aarch64
python3-libs-3.6.8-39.el8_4.rocky.0.aarch64
python3-libselinux-2.9-5.el8.aarch64
python3-libsemanage-2.9-6.el8.aarch64
python3-libstoragemgmt-1.8.7-1.el8.noarch
python3-libstoragemgmt-clibs-1.8.7-1.el8.aarch64
python3-libxml2-2.9.7-9.el8_4.2.aarch64
python3-linux-procfs-0.6.3-1.el8.noarch
python3-lxml-4.2.3-2.el8.aarch64
python3-nftables-0.9.3-18.el8.aarch64
python3-perf-4.18.0-305.25.1.el8_4.aarch64
python3-pexpect-4.3.1-3.el8.noarch
python3-pip-wheel-9.0.3-19.el8.rocky.noarch
python3-ply-3.9-9.el8.noarch
python3-policycoreutils-2.9-14.el8.noarch
python3-psutil-5.4.3-10.el8.aarch64
python3-ptyprocess-0.5.2-4.el8.noarch
python3-pydbus-0.6.0-5.el8.noarch
python3-pyudev-0.21.0-7.el8.noarch
python3-pyyaml-3.12-12.el8.aarch64
python3-rpm-4.14.3-14.el8_4.aarch64
python3-schedutils-0.6-6.el8.aarch64
python3-setools-4.3.0-2.el8.aarch64
python3-setuptools-39.2.0-6.el8.noarch
python3-setuptools-wheel-39.2.0-6.el8.noarch
python3-six-1.11.0-8.el8.noarch
python3-slip-0.6.4-11.el8.noarch
python3-slip-dbus-0.6.4-11.el8.noarch
python3-sssdconfig-2.4.0-9.el8_4.2.noarch
python3-syspurpose-1.28.13-4.el8_4.aarch64
python3-systemd-234-8.el8.aarch64
python3-tracer-0.7.5-2.el8.noarch
python3-unbound-1.7.3-15.el8.aarch64
python3-webencodings-0.5.1-6.el8.noarch
quota-4.04-12.el8.aarch64
quota-nls-4.04-12.el8.noarch
rdma-core-32.0-4.el8.aarch64
readline-7.0-10.el8.aarch64
realmd-0.16.3-22.el8.aarch64
rocky-gpg-keys-8.4-34.el8.noarch
rocky-logos-84.5-8.el8.aarch64
rocky-release-8.4-34.el8.noarch
rocky-repos-8.4-34.el8.noarch
rootfiles-8.1-22.el8.noarch
rpm-4.14.3-14.el8_4.aarch64
rpm-build-libs-4.14.3-14.el8_4.aarch64
rpm-libs-4.14.3-14.el8_4.aarch64
rpm-plugin-selinux-4.14.3-14.el8_4.aarch64
rpm-plugin-systemd-inhibit-4.14.3-14.el8_4.aarch64
rsync-3.1.3-12.el8.aarch64
rsyslog-8.1911.0-7.el8_4.2.aarch64
rsyslog-gnutls-8.1911.0-7.el8_4.2.aarch64
rsyslog-gssapi-8.1911.0-7.el8_4.2.aarch64
rsyslog-relp-8.1911.0-7.el8_4.2.aarch64
runc-1.0.0-74.rc95.module+el8.4.0+643+525e162a.aarch64
samba-client-libs-4.13.3-5.el8_4.aarch64
samba-common-4.13.3-5.el8_4.noarch
samba-common-libs-4.13.3-5.el8_4.aarch64
sed-4.5-2.el8.aarch64
selinux-policy-3.14.3-67.el8_4.2.noarch
selinux-policy-targeted-3.14.3-67.el8_4.2.noarch
setroubleshoot-plugins-3.3.13-1.el8.noarch
setroubleshoot-server-3.3.24-3.el8.aarch64
setup-2.12.2-6.el8.noarch
sg3_utils-1.44-5.el8.aarch64
sg3_utils-libs-1.44-5.el8.aarch64
shadow-utils-4.6-12.el8.aarch64
shared-mime-info-1.9-3.el8.aarch64
shim-aa64-15.4-2.el8.rocky.aarch64
slang-2.3.2-3.el8.aarch64
slirp4netns-1.1.8-1.module+el8.4.0+556+40122d08.aarch64
smartmontools-7.1-1.el8.aarch64
snappy-1.1.8-3.el8.aarch64
sos-4.0-12.el8_4.noarch
sqlite-3.26.0-13.el8.aarch64
sqlite-libs-3.26.0-13.el8.aarch64
squashfs-tools-4.3-20.el8.aarch64
sscg-2.3.3-14.el8.aarch64
sssd-2.4.0-9.el8_4.2.aarch64
sssd-ad-2.4.0-9.el8_4.2.aarch64
sssd-client-2.4.0-9.el8_4.2.aarch64
sssd-common-2.4.0-9.el8_4.2.aarch64
sssd-common-pac-2.4.0-9.el8_4.2.aarch64
sssd-ipa-2.4.0-9.el8_4.2.aarch64
sssd-kcm-2.4.0-9.el8_4.2.aarch64
sssd-krb5-2.4.0-9.el8_4.2.aarch64
sssd-krb5-common-2.4.0-9.el8_4.2.aarch64
sssd-ldap-2.4.0-9.el8_4.2.aarch64
sssd-nfs-idmap-2.4.0-9.el8_4.2.aarch64
sssd-proxy-2.4.0-9.el8_4.2.aarch64
strace-5.7-2.1.el8_4.aarch64
sudo-1.8.29-7.el8_4.1.aarch64
symlinks-1.4-19.el8.aarch64
systemd-239-45.el8_4.3.aarch64
systemd-libs-239-45.el8_4.3.aarch64
systemd-pam-239-45.el8_4.3.aarch64
systemd-udev-239-45.el8_4.3.aarch64
tar-1.30-5.el8.aarch64
tcpdump-4.9.3-1.el8.aarch64
teamd-1.31-2.el8.aarch64
time-1.9-3.el8.aarch64
timedatex-0.5-3.el8.aarch64
tpm2-tools-4.1.1-2.el8.aarch64
tpm2-tss-2.3.2-3.el8.aarch64
tracer-common-0.7.5-2.el8.noarch
tree-1.7.0-15.el8.aarch64
trousers-0.3.15-1.el8.aarch64
trousers-lib-0.3.15-1.el8.aarch64
tuned-2.15.0-2.el8_4.1.noarch
tzdata-2021e-1.el8.noarch
udisks2-2.9.0-6.el8.aarch64
udisks2-iscsi-2.9.0-6.el8.aarch64
udisks2-lvm2-2.9.0-6.el8.aarch64
unbound-libs-1.7.3-15.el8.aarch64
unzip-6.0-45.el8_4.aarch64
usb_modeswitch-2.5.2-1.el8.2.aarch64
usb_modeswitch-data-20191128-1.el8.noarch
usbutils-010-3.el8.aarch64
userspace-rcu-0.10.1-4.el8.aarch64
util-linux-2.32.1-27.el8.aarch64
util-linux-user-2.32.1-27.el8.aarch64
vdo-6.2.4.14-14.el8.aarch64
vim-common-8.0.1763-15.el8.aarch64
vim-enhanced-8.0.1763-15.el8.aarch64
vim-filesystem-8.0.1763-15.el8.noarch
vim-minimal-8.0.1763-15.el8.aarch64
virt-what-1.18-9.el8_4.aarch64
volume_key-libs-0.3.11-5.el8.aarch64
wget-1.19.5-10.el8.aarch64
which-2.21-12.el8.aarch64
words-3.0-28.el8.noarch
xdg-utils-1.1.2-5.el8.noarch
xfsdump-3.1.8-2.el8.aarch64
xfsprogs-5.0.0-8.el8.aarch64
xkeyboard-config-2.28-1.el8.noarch
xz-5.2.4-3.el8.1.aarch64
xz-libs-5.2.4-3.el8.1.aarch64
yum-4.4.2-11.el8.noarch
zip-3.0-23.el8.aarch64
zlib-1.2.11-17.el8.aarch64
