acl,(none),2.2.53,1.el8.1,aarch64
audit-libs,(none),3.0,0.17.20191104git1c2f876.el8.1,aarch64
audit,(none),3.0,0.17.20191104git1c2f876.el8.1,aarch64
authselect-libs,(none),1.2.2,2.el8,aarch64
authselect,(none),1.2.2,2.el8,aarch64
basesystem,(none),11,5.el8,noarch
bash,(none),4.4.20,1.el8_4,aarch64
bind-export-libs,32,9.11.26,4.el8_4,aarch64
brotli,(none),1.0.6,3.el8,aarch64
bubblewrap,(none),0.4.0,1.el8,aarch64
bzip2-libs,(none),1.0.6,26.el8,aarch64
ca-certificates,(none),2020.2.41,80.0.el8_2,noarch
c-ares,(none),1.13.0,5.el8,aarch64
chkconfig,(none),1.13,2.el8,aarch64
chrony,(none),3.5,2.el8,aarch64
coreutils-common,(none),8.30,8.el8,aarch64
coreutils,(none),8.30,8.el8,aarch64
cpio,(none),2.12,10.el8,aarch64
cracklib-dicts,(none),2.9.6,15.el8,aarch64
cracklib,(none),2.9.6,15.el8,aarch64
cronie-anacron,(none),1.5.2,4.el8,aarch64
cronie,(none),1.5.2,4.el8,aarch64
crontabs,(none),1.11,17.20190603git.el8,noarch
crypto-policies,(none),20210209,1.gitbfb6bed.el8_3,noarch
crypto-policies-scripts,(none),20210209,1.gitbfb6bed.el8_3,noarch
cryptsetup-libs,(none),2.3.3,4.el8,aarch64
curl,(none),7.61.1,18.el8,aarch64
cyrus-sasl-lib,(none),2.1.27,5.el8,aarch64
dbus,1,1.12.8,12.el8_4.2,aarch64
dbus-common,1,1.12.8,12.el8_4.2,noarch
dbus-daemon,1,1.12.8,12.el8_4.2,aarch64
dbus-glib,(none),0.110,2.el8,aarch64
dbus-libs,1,1.12.8,12.el8_4.2,aarch64
dbus-tools,1,1.12.8,12.el8_4.2,aarch64
device-mapper,8,1.02.175,5.el8,aarch64
device-mapper-event,8,1.02.175,5.el8,aarch64
device-mapper-event-libs,8,1.02.175,5.el8,aarch64
device-mapper-libs,8,1.02.175,5.el8,aarch64
device-mapper-persistent-data,(none),0.8.5,4.el8,aarch64
dhcp-client,12,4.3.6,44.el8_4.1,aarch64
dhcp-common,12,4.3.6,44.el8_4.1,noarch
dhcp-libs,12,4.3.6,44.el8_4.1,aarch64
diffutils,(none),3.6,6.el8,aarch64
dmidecode,1,3.2,8.el8,aarch64
dnf-data,(none),4.4.2,11.el8,noarch
dnf,(none),4.4.2,11.el8,noarch
dnf-plugins-core,(none),4.0.18,4.el8,noarch
dosfstools,(none),4.1,6.el8,aarch64
dracut-config-rescue,(none),049,135.git20210121.el8,aarch64
dracut-network,(none),049,135.git20210121.el8,aarch64
dracut,(none),049,135.git20210121.el8,aarch64
dracut-squash,(none),049,135.git20210121.el8,aarch64
e2fsprogs-libs,(none),1.45.6,1.el8.1,aarch64
e2fsprogs,(none),1.45.6,1.el8.1,aarch64
efibootmgr,(none),16,1.el8,aarch64
efi-filesystem,(none),3,3.el8,noarch
efivar-libs,(none),37,4.el8,aarch64
elfutils-debuginfod-client,(none),0.182,3.el8,aarch64
elfutils-default-yama-scope,(none),0.182,3.el8,noarch
elfutils-libelf,(none),0.182,3.el8,aarch64
elfutils-libs,(none),0.182,3.el8,aarch64
ethtool,2,5.8,5.el8,aarch64
expat,(none),2.2.5,4.el8,aarch64
file-libs,(none),5.33,16.el8_3.1,aarch64
file,(none),5.33,16.el8_3.1,aarch64
filesystem,(none),3.8,3.el8,aarch64
findutils,1,4.6.0,20.el8,aarch64
firewalld-filesystem,(none),0.8.2,6.el8,noarch
firewalld,(none),0.8.2,6.el8,noarch
freetype,(none),2.9.1,4.el8_3.1,aarch64
fuse-libs,(none),2.9.7,12.el8,aarch64
fwupd,(none),1.5.5,3.el8,aarch64
gawk,(none),4.2.1,2.el8,aarch64
gdbm,1,1.18,1.el8,aarch64
gdbm-libs,1,1.18,1.el8,aarch64
gettext-libs,(none),0.19.8.1,17.el8,aarch64
gettext,(none),0.19.8.1,17.el8,aarch64
glib2,(none),2.56.4,10.el8_4,aarch64
glibc-all-langpacks,(none),2.28,151.el8,aarch64
glibc-common,(none),2.28,151.el8,aarch64
glibc,(none),2.28,151.el8,aarch64
gmp,1,6.1.2,10.el8,aarch64
gnupg2,(none),2.2.20,2.el8,aarch64
gnupg2-smime,(none),2.2.20,2.el8,aarch64
gnutls,(none),3.6.14,8.el8_3,aarch64
gobject-introspection,(none),1.56.1,1.el8,aarch64
gpgme,(none),1.13.1,7.el8,aarch64
grep,(none),3.1,6.el8,aarch64
groff-base,(none),1.22.3,18.el8,aarch64
grub2-common,1,2.02,99.el8,noarch
grub2-efi-aa64,1,2.02,99.el8,aarch64
grub2-tools,1,2.02,99.el8,aarch64
grub2-tools-extra,1,2.02,99.el8,aarch64
grub2-tools-minimal,1,2.02,99.el8,aarch64
grubby,(none),8.40,41.el8,aarch64
gzip,(none),1.9,12.el8,aarch64
hardlink,1,1.3,6.el8,aarch64
hdparm,(none),9.54,3.el8,aarch64
hostname,(none),3.20,6.el8,aarch64
hwdata,(none),0.314,8.8.el8,noarch
ima-evm-utils,(none),1.3.2,12.el8,aarch64
info,(none),6.5,6.el8,aarch64
initscripts,(none),10.00.15,1.el8,aarch64
ipcalc,(none),0.2.4,4.el8,aarch64
iproute,(none),5.9.0,4.el8,aarch64
iprutils,(none),2.4.19,1.el8,aarch64
ipset-libs,(none),7.1,1.el8,aarch64
ipset,(none),7.1,1.el8,aarch64
iptables-ebtables,(none),1.8.4,17.el8,aarch64
iptables-libs,(none),1.8.4,17.el8,aarch64
iptables,(none),1.8.4,17.el8,aarch64
iputils,(none),20180629,7.el8,aarch64
irqbalance,2,1.4.0,6.el8,aarch64
iwl1000-firmware,1,39.31.5.1,102.el8.1,noarch
iwl100-firmware,(none),39.31.5.1,102.el8.1,noarch
iwl105-firmware,(none),18.168.6.1,102.el8.1,noarch
iwl135-firmware,(none),18.168.6.1,102.el8.1,noarch
iwl2000-firmware,(none),18.168.6.1,102.el8.1,noarch
iwl2030-firmware,(none),18.168.6.1,102.el8.1,noarch
iwl3160-firmware,1,25.30.13.0,102.el8.1,noarch
iwl5000-firmware,(none),8.83.5.1_1,102.el8.1,noarch
iwl5150-firmware,(none),8.24.2.2,102.el8.1,noarch
iwl6000-firmware,(none),9.221.4.1,102.el8.1,noarch
iwl6000g2a-firmware,(none),18.168.6.1,102.el8.1,noarch
iwl6050-firmware,(none),41.28.5.1,102.el8.1,noarch
iwl7260-firmware,1,25.30.13.0,102.el8.1,noarch
jansson,(none),2.11,3.el8,aarch64
json-c,(none),0.13.1,0.4.el8,aarch64
json-glib,(none),1.4.4,1.el8,aarch64
kbd-legacy,(none),2.0.4,10.el8,noarch
kbd-misc,(none),2.0.4,10.el8,noarch
kbd,(none),2.0.4,10.el8,aarch64
kernel-core,(none),4.18.0,305.3.1.el8_4,aarch64
kernel-modules,(none),4.18.0,305.3.1.el8_4,aarch64
kernel,(none),4.18.0,305.3.1.el8_4,aarch64
kernel-tools-libs,(none),4.18.0,305.3.1.el8_4,aarch64
kernel-tools,(none),4.18.0,305.3.1.el8_4,aarch64
kexec-tools,(none),2.0.20,46.el8,aarch64
keyutils-libs,(none),1.5.10,6.el8,aarch64
kmod-libs,(none),25,17.el8,aarch64
kmod,(none),25,17.el8,aarch64
kpartx,(none),0.8.4,10.el8,aarch64
krb5-libs,(none),1.18.2,8.el8,aarch64
less,(none),530,1.el8,aarch64
libacl,(none),2.2.53,1.el8.1,aarch64
libaio,(none),0.3.112,1.el8,aarch64
libarchive,(none),3.3.3,1.el8,aarch64
libassuan,(none),2.5.1,3.el8,aarch64
libattr,(none),2.4.48,3.el8,aarch64
libbasicobjects,(none),0.1.1,39.el8,aarch64
libblkid,(none),2.32.1,27.el8,aarch64
libcap-ng,(none),0.7.9,5.el8,aarch64
libcap,(none),2.26,4.el8,aarch64
libcollection,(none),0.7.0,39.el8,aarch64
libcom_err,(none),1.45.6,1.el8.1,aarch64
libcomps,(none),0.1.11,5.el8,aarch64
libcroco,(none),0.6.12,4.el8_2.1,aarch64
libcurl,(none),7.61.1,18.el8,aarch64
libdaemon,(none),0.14,15.el8,aarch64
libdb,(none),5.3.28,40.el8,aarch64
libdb-utils,(none),5.3.28,40.el8,aarch64
libdhash,(none),0.5.0,39.el8,aarch64
libdnf,(none),0.55.0,7.el8,aarch64
libedit,(none),3.1,23.20170329cvs.el8,aarch64
libfdisk,(none),2.32.1,27.el8,aarch64
libffi,(none),3.1,22.el8,aarch64
libgcab1,(none),1.1,1.el8,aarch64
libgcc,(none),8.4.1,1.el8,aarch64
libgcrypt,(none),1.8.5,4.el8,aarch64
libgomp,(none),8.4.1,1.el8,aarch64
libgpg-error,(none),1.31,1.el8,aarch64
libgudev,(none),232,4.el8,aarch64
libgusb,(none),0.3.0,1.el8,aarch64
libibverbs,(none),32.0,4.el8,aarch64
libidn2,(none),2.2.0,1.el8,aarch64
libini_config,(none),1.3.1,39.el8,aarch64
libkcapi-hmaccalc,(none),1.2.0,2.el8,aarch64
libkcapi,(none),1.2.0,2.el8,aarch64
libksba,(none),1.3.5,7.el8,aarch64
libldb,(none),2.2.0,2.el8,aarch64
libmbim,(none),1.20.2,1.el8,aarch64
libmetalink,(none),0.1.3,7.el8,aarch64
libmnl,(none),1.0.4,6.el8,aarch64
libmodulemd,(none),2.9.4,2.el8,aarch64
libmount,(none),2.32.1,27.el8,aarch64
libndp,(none),1.7,5.el8,aarch64
libnetfilter_conntrack,(none),1.0.6,5.el8,aarch64
libnfnetlink,(none),1.0.1,13.el8,aarch64
libnfsidmap,1,2.3.3,41.el8,aarch64
libnftnl,(none),1.1.5,4.el8,aarch64
libnghttp2,(none),1.33.0,3.el8_3.1,aarch64
libnl3-cli,(none),3.5.0,1.el8,aarch64
libnl3,(none),3.5.0,1.el8,aarch64
libnsl2,(none),1.2.0,2.20180605git4a062cf.el8,aarch64
libpath_utils,(none),0.2.1,39.el8,aarch64
libpcap,14,1.9.1,5.el8,aarch64
libpipeline,(none),1.5.0,2.el8,aarch64
libpng,2,1.6.34,5.el8,aarch64
libpsl,(none),0.20.2,6.el8,aarch64
libpwquality,(none),1.4.4,3.el8,aarch64
libqmi,(none),1.24.0,1.el8,aarch64
libref_array,(none),0.1.5,39.el8,aarch64
librepo,(none),1.12.0,3.el8,aarch64
libreport-filesystem,(none),2.9.5,15.el8.rocky.1,aarch64
libseccomp,(none),2.5.1,1.el8,aarch64
libselinux,(none),2.9,5.el8,aarch64
libselinux-utils,(none),2.9,5.el8,aarch64
libsemanage,(none),2.9,6.el8,aarch64
libsepol,(none),2.9,2.el8,aarch64
libsigsegv,(none),2.11,5.el8,aarch64
libsmartcols,(none),2.32.1,27.el8,aarch64
libsolv,(none),0.7.16,2.el8,aarch64
libssh-config,(none),0.9.4,2.el8,noarch
libssh,(none),0.9.4,2.el8,aarch64
libss,(none),1.45.6,1.el8.1,aarch64
libsss_autofs,(none),2.4.0,9.el8,aarch64
libsss_certmap,(none),2.4.0,9.el8,aarch64
libsss_idmap,(none),2.4.0,9.el8,aarch64
libsss_nss_idmap,(none),2.4.0,9.el8,aarch64
libsss_sudo,(none),2.4.0,9.el8,aarch64
libstdc++,(none),8.4.1,1.el8,aarch64
libsysfs,(none),2.1.0,24.el8,aarch64
libtalloc,(none),2.3.1,2.el8,aarch64
libtasn1,(none),4.13,3.el8,aarch64
libtdb,(none),1.4.3,1.el8,aarch64
libteam,(none),1.31,2.el8,aarch64
libtevent,(none),0.10.2,2.el8,aarch64
libtirpc,(none),1.1.4,4.el8,aarch64
libunistring,(none),0.9.9,3.el8,aarch64
libusbx,(none),1.0.23,4.el8,aarch64
libuser,(none),0.62,23.el8,aarch64
libutempter,(none),1.1.6,14.el8,aarch64
libuuid,(none),2.32.1,27.el8,aarch64
libverto,(none),0.3.0,5.el8,aarch64
libxcrypt,(none),4.1.1,4.el8,aarch64
libxml2,(none),2.9.7,9.el8,aarch64
libxmlb,(none),0.1.15,1.el8,aarch64
libyaml,(none),0.1.7,5.el8,aarch64
libzstd,(none),1.4.4,1.el8,aarch64
linux-firmware,(none),20201218,102.git05789708.el8,noarch
lshw,(none),B.02.19.2,5.el8,aarch64
lsscsi,(none),0.32,2.el8,aarch64
lua-libs,(none),5.3.4,11.el8,aarch64
lvm2,8,2.03.11,5.el8,aarch64
lvm2-libs,8,2.03.11,5.el8,aarch64
lz4-libs,(none),1.8.3,2.el8,aarch64
lzo,(none),2.08,14.el8,aarch64
man-db,(none),2.7.6.1,17.el8,aarch64
memstrack,(none),0.1.11,1.el8,aarch64
ModemManager-glib,(none),1.10.8,2.el8,aarch64
mokutil,1,0.3.0,11.el8,aarch64
mozjs60,(none),60.9.0,4.el8,aarch64
mpfr,(none),3.1.6,1.el8,aarch64
ncurses-base,(none),6.1,7.20180224.el8.1,noarch
ncurses-libs,(none),6.1,7.20180224.el8.1,aarch64
ncurses,(none),6.1,7.20180224.el8.1,aarch64
nettle,(none),3.4.1,4.el8_4,aarch64
NetworkManager,1,1.30.0,7.el8,aarch64
NetworkManager-libnm,1,1.30.0,7.el8,aarch64
NetworkManager-team,1,1.30.0,7.el8,aarch64
NetworkManager-tui,1,1.30.0,7.el8,aarch64
newt,(none),0.52.20,11.el8,aarch64
nftables,1,0.9.3,18.el8,aarch64
npth,(none),1.5,4.el8,aarch64
numactl-libs,(none),2.0.12,11.el8,aarch64
openldap,(none),2.4.46,16.el8,aarch64
openssh-clients,(none),8.0p1,6.el8_4.2,aarch64
openssh,(none),8.0p1,6.el8_4.2,aarch64
openssh-server,(none),8.0p1,6.el8_4.2,aarch64
openssl,1,1.1.1g,15.el8_3,aarch64
openssl-libs,1,1.1.1g,15.el8_3,aarch64
openssl-pkcs11,(none),0.4.10,2.el8,aarch64
os-prober,(none),1.74,6.el8,aarch64
p11-kit,(none),0.23.22,1.el8,aarch64
p11-kit-trust,(none),0.23.22,1.el8,aarch64
pam,(none),1.3.1,14.el8,aarch64
parted,(none),3.2,38.el8,aarch64
passwd,(none),0.80,3.el8,aarch64
pciutils-libs,(none),3.7.0,1.el8,aarch64
pciutils,(none),3.7.0,1.el8,aarch64
pcre2,(none),10.32,2.el8,aarch64
pcre,(none),8.42,4.el8,aarch64
pigz,(none),2.4,4.el8,aarch64
platform-python,(none),3.6.8,37.el8.rocky,aarch64
platform-python-pip,(none),9.0.3,19.el8.rocky,noarch
platform-python-setuptools,(none),39.2.0,6.el8,noarch
policycoreutils,(none),2.9,14.el8,aarch64
polkit-libs,(none),0.115,11.el8_4.1,aarch64
polkit,(none),0.115,11.el8_4.1,aarch64
polkit-pkla-compat,(none),0.1,12.el8,aarch64
popt,(none),1.18,1.el8,aarch64
prefixdevname,(none),0.1.0,6.el8,aarch64
procps-ng,(none),3.3.15,6.el8,aarch64
publicsuffix-list-dafsa,(none),20180723,1.el8,noarch
python3-configobj,(none),5.0.6,11.el8,noarch
python3-dateutil,1,2.6.1,6.el8,noarch
python3-dbus,(none),1.2.4,15.el8,aarch64
python3-decorator,(none),4.2.1,2.el8,noarch
python3-dnf,(none),4.4.2,11.el8,noarch
python3-dnf-plugins-core,(none),4.0.18,4.el8,noarch
python3-firewall,(none),0.8.2,6.el8,noarch
python3-gobject-base,(none),3.28.3,2.el8,aarch64
python3-gpg,(none),1.13.1,7.el8,aarch64
python3-hawkey,(none),0.55.0,7.el8,aarch64
python3-libcomps,(none),0.1.11,5.el8,aarch64
python3-libdnf,(none),0.55.0,7.el8,aarch64
python3-libselinux,(none),2.9,5.el8,aarch64
python3-libs,(none),3.6.8,37.el8.rocky,aarch64
python3-linux-procfs,(none),0.6.3,1.el8,noarch
python3-nftables,1,0.9.3,18.el8,aarch64
python3-perf,(none),4.18.0,305.3.1.el8_4,aarch64
python3-pip-wheel,(none),9.0.3,19.el8.rocky,noarch
python3-pyudev,(none),0.21.0,7.el8,noarch
python3-rpm,(none),4.14.3,13.el8,aarch64
python3-schedutils,(none),0.6,6.el8,aarch64
python3-setuptools-wheel,(none),39.2.0,6.el8,noarch
python3-six,(none),1.11.0,8.el8,noarch
python3-slip-dbus,(none),0.6.4,11.el8,noarch
python3-slip,(none),0.6.4,11.el8,noarch
python3-syspurpose,(none),1.28.13,2.el8,aarch64
rdma-core,(none),32.0,4.el8,aarch64
readline,(none),7.0,10.el8,aarch64
rocky-gpg-keys,(none),8.4,26.el8,noarch
rocky-release,(none),8.4,26.el8,noarch
rocky-repos,(none),8.4,26.el8,noarch
rootfiles,(none),8.1,22.el8,noarch
rpm-build-libs,(none),4.14.3,13.el8,aarch64
rpm-libs,(none),4.14.3,13.el8,aarch64
rpm,(none),4.14.3,13.el8,aarch64
rpm-plugin-selinux,(none),4.14.3,13.el8,aarch64
rpm-plugin-systemd-inhibit,(none),4.14.3,13.el8,aarch64
sed,(none),4.5,2.el8,aarch64
selinux-policy,(none),3.14.3,67.el8,noarch
selinux-policy-targeted,(none),3.14.3,67.el8,noarch
setup,(none),2.12.2,6.el8,noarch
sg3_utils-libs,(none),1.44,5.el8,aarch64
sg3_utils,(none),1.44,5.el8,aarch64
shadow-utils,2,4.6,12.el8,aarch64
shared-mime-info,(none),1.9,3.el8,aarch64
shim-aa64,(none),15.4,2.el8.rocky,aarch64
slang,(none),2.3.2,3.el8,aarch64
snappy,(none),1.1.8,3.el8,aarch64
sqlite-libs,(none),3.26.0,13.el8,aarch64
squashfs-tools,(none),4.3,20.el8,aarch64
sssd-client,(none),2.4.0,9.el8,aarch64
sssd-common,(none),2.4.0,9.el8,aarch64
sssd-kcm,(none),2.4.0,9.el8,aarch64
sssd-nfs-idmap,(none),2.4.0,9.el8,aarch64
sudo,(none),1.8.29,7.el8,aarch64
systemd-libs,(none),239,45.el8,aarch64
systemd,(none),239,45.el8,aarch64
systemd-pam,(none),239,45.el8,aarch64
systemd-udev,(none),239,45.el8,aarch64
teamd,(none),1.31,2.el8,aarch64
timedatex,(none),0.5,3.el8,aarch64
tpm2-tss,(none),2.3.2,3.el8,aarch64
trousers-lib,(none),0.3.15,1.el8,aarch64
trousers,(none),0.3.15,1.el8,aarch64
tuned,(none),2.15.0,2.el8,noarch
tzdata,(none),2021a,1.el8,noarch
util-linux,(none),2.32.1,27.el8,aarch64
vim-minimal,2,8.0.1763,15.el8,aarch64
virt-what,(none),1.18,6.el8,aarch64
which,(none),2.21,12.el8,aarch64
xfsprogs,(none),5.0.0,8.el8,aarch64
xz-libs,(none),5.2.4,3.el8.1,aarch64
xz,(none),5.2.4,3.el8.1,aarch64
yum,(none),4.4.2,11.el8,noarch
zlib,(none),1.2.11,17.el8,aarch64
